TN:
SF:schedular.config.js
FNF:0
FNH:0
DA:1,0
LF:1
LH:0
BRF:0
BRH:0
end_of_record
TN:
SF:src/controllers/doctor-instruction-for-facility-locations.controller.ts
FN:14,(anonymous_9)
FN:25,(anonymous_10)
FN:25,(anonymous_11)
FN:55,(anonymous_12)
FN:55,(anonymous_13)
FN:79,(anonymous_14)
FN:79,(anonymous_15)
FNF:7
FNH:3
FNDA:2,(anonymous_9)
FNDA:2,(anonymous_10)
FNDA:2,(anonymous_11)
FNDA:0,(anonymous_12)
FNDA:0,(anonymous_13)
FNDA:0,(anonymous_14)
FNDA:0,(anonymous_15)
DA:3,1
DA:4,1
DA:8,1
DA:15,2
DA:25,2
DA:26,2
DA:28,2
DA:30,2
DA:31,1
DA:36,1
DA:38,0
DA:40,0
DA:42,0
DA:45,1
DA:55,2
DA:56,0
DA:58,0
DA:60,0
DA:62,0
DA:64,0
DA:66,0
DA:69,0
DA:79,2
DA:80,0
DA:82,0
DA:84,0
DA:86,0
DA:88,0
DA:90,0
DA:93,0
LF:30
LH:13
BRDA:28,0,0,1
BRDA:30,1,0,1
BRDA:30,1,1,1
BRF:3
BRH:3
end_of_record
TN:
SF:src/services/doctor-instruction-for-facility-locations.service.ts
FN:21,(anonymous_9)
FN:34,(anonymous_10)
FN:34,(anonymous_11)
FN:78,(anonymous_12)
FN:78,(anonymous_13)
FN:103,(anonymous_14)
FN:103,(anonymous_15)
FNF:7
FNH:3
FNDA:1,(anonymous_9)
FNDA:1,(anonymous_10)
FNDA:1,(anonymous_11)
FNDA:0,(anonymous_12)
FNDA:0,(anonymous_13)
FNDA:0,(anonymous_14)
FNDA:0,(anonymous_15)
DA:1,1
DA:3,1
DA:7,1
DA:11,1
DA:14,1
DA:22,1
DA:23,1
DA:26,1
DA:34,1
DA:40,1
DA:42,1
DA:43,1
DA:44,1
DA:78,1
DA:86,0
DA:88,0
DA:103,1
DA:112,0
DA:114,0
LF:19
LH:15
BRF:0
BRH:0
end_of_record
